<?xml version="1.0" encoding="UTF-8" ?><Response>
    <!--Play digits="w1wwww1" /-->
    <Pause length="10"/>
    <Say voice="alice" loop="5">Bacon ipsum dolor amet filet mignon meatloaf venison, strip steak andouille jerky short loin pork belly salami rump tri-tip flank pancetta leberkas sausage. Tri-tip flank short loin picanha drumstick. Landjaeger spare ribs chuck tenderloin strip steak buffalo pork loin swine beef ribs porchetta hamburger flank. Ribeye cow tail turkey ham shankle landjaeger. Chuck hamburger chicken, beef ribs pork belly brisket pork prosciutto frankfurter venison biltong.

Capicola shank pastrami ball tip, burgdoggen short loin kevin venison filet mignon pig frankfurter leberkas jerky swine. Kielbasa pork belly boudin prosciutto biltong capicola pig pork chop frankfurter fatback ribeye beef filet mignon. Landjaeger cupim porchetta short ribs jerky pork. Cupim picanha swine, pig capicola tenderloin bacon tail biltong pork belly bresaola strip steak pancetta pork pork loin.

Ham ham hock ball tip, sirloin fatback prosciutto hamburger. Filet mignon pancetta rump pork loin, pig flank jerky ribeye fatback ham hock shank strip steak ham. Fatback corned beef ham hock pork belly, rump cow venison pork chop bresaola flank swine leberkas. Shankle tongue turkey venison cupim drumstick.</Say>
</Response>
